0 info it worked if it ends with ok
1 verbose cli [
1 verbose cli   'C:\\Program Files\\nodejs\\node.exe',
1 verbose cli   'C:\\Program Files\\nodejs\\node_modules\\npm\\bin\\npm-cli.js',
1 verbose cli   'run',
1 verbose cli   'test',
1 verbose cli   '--no-cache'
1 verbose cli ]
2 info using npm@6.12.0
3 info using node@v12.13.0
4 verbose run-script [ 'pretest', 'test', 'posttest' ]
5 info lifecycle react-redux-saga-boilerplate@0.0.1~pretest: react-redux-saga-boilerplate@0.0.1
6 info lifecycle react-redux-saga-boilerplate@0.0.1~test: react-redux-saga-boilerplate@0.0.1
7 verbose lifecycle react-redux-saga-boilerplate@0.0.1~test: unsafe-perm in lifecycle true
8 verbose lifecycle react-redux-saga-boilerplate@0.0.1~test: PATH: C:\Program Files\nodejs\node_modules\npm\node_modules\npm-lifecycle\node-gyp-bin;O:\NODEJS_PROJECTS\boilerplateFrontendReactRedux\node_modules\.bin;C:\Users\marcel.fischer\bin;C:\Program Files\Git\mingw64\bin;C:\Program Files\Git\usr\local\bin;C:\Program Files\Git\usr\bin;C:\Program Files\Git\usr\bin;C:\Program Files\Git\mingw64\bin;C:\Program Files\Git\usr\bin;C:\Users\marcel.fischer\bin;C:\imagemagick;C:\Program Files (x86)\ImageMagick-7.0.5-Q16;C:\Program Files (x86)\Intel\iCLS Client;C:\Program Files\Intel\iCLS Client;C:\Program Files (x86)\NVIDIA Corporation\PhysX\Common;C:\Windows\system32;C:\Windows;C:\Windows\System32\Wbem;C:\Windows\System32\WindowsPowerShell\v1.0;C:\Program Files\Intel\Intel(R) Management Engine Components\DAL;C:\Program Files\Intel\Intel(R) Management Engine Components\IPT;C:\Program Files (x86)\Intel\Intel(R) Management Engine Components\DAL;C:\Program Files (x86)\Intel\Intel(R) Management Engine Components\IPT;D:\XAMPP\WIN\php;C:\Program Files (x86)\Smart Projects\IsoBuster;O:\XAMPP\php5.6.14\php;C:\ProgramData\ComposerSetup\bin;C:\openssl-0.9.8r-i386-win32-rev2;C:\Users\marcel.fischer\AppData\Roaming\Composer\vendor\bin;C:\Program Files\Microsoft SQL Server\130\Tools\Binn;C:\Program Files\Git\cmd;O:\XAMPP\php;O:\XAMPP\phpunit;C:\Go\bin;C:\Program Files\nodejs;C:\go\bin;C:\Users\marcel.fischer\AppData\Roaming\npm;C:\Program Files\Git\usr\bin\vendor_perl;C:\Program Files\Git\usr\bin\core_perl
9 verbose lifecycle react-redux-saga-boilerplate@0.0.1~test: CWD: O:\NODEJS_PROJECTS\boilerplateFrontendReactRedux
10 silly lifecycle react-redux-saga-boilerplate@0.0.1~test: Args: [ '/d /s /c', 'jest' ]
11 silly lifecycle react-redux-saga-boilerplate@0.0.1~test: Returned: code: 1  signal: null
12 info lifecycle react-redux-saga-boilerplate@0.0.1~test: Failed to exec test script
13 verbose stack Error: react-redux-saga-boilerplate@0.0.1 test: `jest`
13 verbose stack Exit status 1
13 verbose stack     at EventEmitter.<anonymous> (C:\Program Files\nodejs\node_modules\npm\node_modules\npm-lifecycle\index.js:332:16)
13 verbose stack     at EventEmitter.emit (events.js:210:5)
13 verbose stack     at ChildProcess.<anonymous> (C:\Program Files\nodejs\node_modules\npm\node_modules\npm-lifecycle\lib\spawn.js:55:14)
13 verbose stack     at ChildProcess.emit (events.js:210:5)
13 verbose stack     at maybeClose (internal/child_process.js:1021:16)
13 verbose stack     at Process.ChildProcess._handle.onexit (internal/child_process.js:283:5)
14 verbose pkgid react-redux-saga-boilerplate@0.0.1
15 verbose cwd O:\NODEJS_PROJECTS\boilerplateFrontendReactRedux
16 verbose Windows_NT 6.1.7601
17 verbose argv "C:\\Program Files\\nodejs\\node.exe" "C:\\Program Files\\nodejs\\node_modules\\npm\\bin\\npm-cli.js" "run" "test" "--no-cache"
18 verbose node v12.13.0
19 verbose npm  v6.12.0
20 error code ELIFECYCLE
21 error errno 1
22 error react-redux-saga-boilerplate@0.0.1 test: `jest`
22 error Exit status 1
23 error Failed at the react-redux-saga-boilerplate@0.0.1 test script.
23 error This is probably not a problem with npm. There is likely additional logging output above.
24 verbose exit [ 1, true ]
